f:\projects\stitch\c++\gpu-sift\siftgpu\msvc\siftgpu\debug\vc120.pdb
f:\projects\stitch\c++\gpu-sift\siftgpu\msvc\siftgpu\debug\vc120.idb
f:\projects\stitch\c++\gpu-sift\siftgpu\msvc\siftgpu\debug\clteximage.obj
f:\projects\stitch\c++\gpu-sift\siftgpu\msvc\siftgpu\debug\framebufferobject.obj
f:\projects\stitch\c++\gpu-sift\siftgpu\msvc\siftgpu\debug\globalutil.obj
f:\projects\stitch\c++\gpu-sift\siftgpu\msvc\siftgpu\debug\glteximage.obj
f:\projects\stitch\c++\gpu-sift\siftgpu\msvc\siftgpu\debug\programcl.obj
f:\projects\stitch\c++\gpu-sift\siftgpu\msvc\siftgpu\debug\programglsl.obj
f:\projects\stitch\c++\gpu-sift\siftgpu\msvc\siftgpu\debug\programgpu.obj
f:\projects\stitch\c++\gpu-sift\siftgpu\msvc\siftgpu\debug\pyramidcl.obj
f:\projects\stitch\c++\gpu-sift\siftgpu\msvc\siftgpu\debug\pyramidgl.obj
f:\projects\stitch\c++\gpu-sift\siftgpu\msvc\siftgpu\debug\serversiftgpu.obj
f:\projects\stitch\c++\gpu-sift\siftgpu\msvc\siftgpu\debug\shaderman.obj
f:\projects\stitch\c++\gpu-sift\siftgpu\msvc\siftgpu\debug\siftgpu.obj
f:\projects\stitch\c++\gpu-sift\siftgpu\msvc\siftgpu\debug\siftmatch.obj
f:\projects\stitch\c++\gpu-sift\siftgpu\msvc\siftgpu\debug\siftpyramid.obj
f:\projects\stitch\c++\gpu-sift\siftgpu\bin\siftgpu_d.ilk
f:\projects\stitch\c++\gpu-sift\siftgpu\bin\siftgpu_d.dll
f:\projects\stitch\c++\gpu-sift\siftgpu\msvc\siftgpu\debug\siftgpu.pdb
f:\projects\stitch\c++\gpu-sift\siftgpu\bin\siftgpu_d.lib
f:\projects\stitch\c++\gpu-sift\siftgpu\bin\siftgpu_d.exp
f:\projects\stitch\c++\gpu-sift\siftgpu\msvc\siftgpu\..\..\bin\siftgpu_d.dll
f:\projects\stitch\c++\gpu-sift\siftgpu\msvc\siftgpu\debug\siftgpu.tlog\cl.command.1.tlog
f:\projects\stitch\c++\gpu-sift\siftgpu\msvc\siftgpu\debug\siftgpu.tlog\cl.read.1.tlog
f:\projects\stitch\c++\gpu-sift\siftgpu\msvc\siftgpu\debug\siftgpu.tlog\cl.write.1.tlog
f:\projects\stitch\c++\gpu-sift\siftgpu\msvc\siftgpu\debug\siftgpu.tlog\link.command.1.tlog
f:\projects\stitch\c++\gpu-sift\siftgpu\msvc\siftgpu\debug\siftgpu.tlog\link.read.1.tlog
f:\projects\stitch\c++\gpu-sift\siftgpu\msvc\siftgpu\debug\siftgpu.tlog\link.write.1.tlog
f:\projects\stitch\c++\gpu-sift\siftgpu\msvc\siftgpu\debug\siftgpu.tlog\siftgpu.write.1u.tlog
