f:\projects\stitch\c++\gpu-sift\siftgpu\msvc\siftgpu\release\vc120.pdb
f:\projects\stitch\c++\gpu-sift\siftgpu\msvc\siftgpu\release\siftpyramid.obj
f:\projects\stitch\c++\gpu-sift\siftgpu\msvc\siftgpu\release\siftmatch.obj
f:\projects\stitch\c++\gpu-sift\siftgpu\msvc\siftgpu\release\siftgpu.obj
f:\projects\stitch\c++\gpu-sift\siftgpu\msvc\siftgpu\release\shaderman.obj
f:\projects\stitch\c++\gpu-sift\siftgpu\msvc\siftgpu\release\serversiftgpu.obj
f:\projects\stitch\c++\gpu-sift\siftgpu\msvc\siftgpu\release\pyramidgl.obj
f:\projects\stitch\c++\gpu-sift\siftgpu\msvc\siftgpu\release\pyramidcl.obj
f:\projects\stitch\c++\gpu-sift\siftgpu\msvc\siftgpu\release\programgpu.obj
f:\projects\stitch\c++\gpu-sift\siftgpu\msvc\siftgpu\release\programglsl.obj
f:\projects\stitch\c++\gpu-sift\siftgpu\msvc\siftgpu\release\programcl.obj
f:\projects\stitch\c++\gpu-sift\siftgpu\msvc\siftgpu\release\glteximage.obj
f:\projects\stitch\c++\gpu-sift\siftgpu\msvc\siftgpu\release\globalutil.obj
f:\projects\stitch\c++\gpu-sift\siftgpu\msvc\siftgpu\release\framebufferobject.obj
f:\projects\stitch\c++\gpu-sift\siftgpu\msvc\siftgpu\release\clteximage.obj
f:\projects\stitch\c++\gpu-sift\siftgpu\bin\siftgpu.dll
f:\projects\stitch\c++\gpu-sift\siftgpu\bin\siftgpu.lib
f:\projects\stitch\c++\gpu-sift\siftgpu\bin\siftgpu.exp
f:\projects\stitch\c++\gpu-sift\siftgpu\msvc\siftgpu\..\..\bin\siftgpu.dll
f:\projects\stitch\c++\gpu-sift\siftgpu\msvc\siftgpu\release\siftgpu.tlog\cl.command.1.tlog
f:\projects\stitch\c++\gpu-sift\siftgpu\msvc\siftgpu\release\siftgpu.tlog\cl.read.1.tlog
f:\projects\stitch\c++\gpu-sift\siftgpu\msvc\siftgpu\release\siftgpu.tlog\cl.write.1.tlog
f:\projects\stitch\c++\gpu-sift\siftgpu\msvc\siftgpu\release\siftgpu.tlog\link.command.1.tlog
f:\projects\stitch\c++\gpu-sift\siftgpu\msvc\siftgpu\release\siftgpu.tlog\link.read.1.tlog
f:\projects\stitch\c++\gpu-sift\siftgpu\msvc\siftgpu\release\siftgpu.tlog\link.write.1.tlog
f:\projects\stitch\c++\gpu-sift\siftgpu\msvc\siftgpu\release\siftgpu.tlog\siftgpu.write.1u.tlog
