f:\projects\stitch\c++\gpu-sift\siftgpu\msvc\siftgpu\release_x64\vc120.pdb
f:\projects\stitch\c++\gpu-sift\siftgpu\msvc\siftgpu\release_x64\siftpyramid.obj
f:\projects\stitch\c++\gpu-sift\siftgpu\msvc\siftgpu\release_x64\siftmatch.obj
f:\projects\stitch\c++\gpu-sift\siftgpu\msvc\siftgpu\release_x64\siftgpu.obj
f:\projects\stitch\c++\gpu-sift\siftgpu\msvc\siftgpu\release_x64\shaderman.obj
f:\projects\stitch\c++\gpu-sift\siftgpu\msvc\siftgpu\release_x64\serversiftgpu.obj
f:\projects\stitch\c++\gpu-sift\siftgpu\msvc\siftgpu\release_x64\pyramidgl.obj
f:\projects\stitch\c++\gpu-sift\siftgpu\msvc\siftgpu\release_x64\pyramidcl.obj
f:\projects\stitch\c++\gpu-sift\siftgpu\msvc\siftgpu\release_x64\programgpu.obj
f:\projects\stitch\c++\gpu-sift\siftgpu\msvc\siftgpu\release_x64\programglsl.obj
f:\projects\stitch\c++\gpu-sift\siftgpu\msvc\siftgpu\release_x64\programcl.obj
f:\projects\stitch\c++\gpu-sift\siftgpu\msvc\siftgpu\release_x64\glteximage.obj
f:\projects\stitch\c++\gpu-sift\siftgpu\msvc\siftgpu\release_x64\globalutil.obj
f:\projects\stitch\c++\gpu-sift\siftgpu\msvc\siftgpu\release_x64\framebufferobject.obj
f:\projects\stitch\c++\gpu-sift\siftgpu\msvc\siftgpu\release_x64\clteximage.obj
f:\projects\stitch\c++\gpu-sift\siftgpu\bin\siftgpu.dll
f:\projects\stitch\c++\gpu-sift\siftgpu\lib\siftgpu.lib
f:\projects\stitch\c++\gpu-sift\siftgpu\lib\siftgpu.exp
f:\projects\stitch\c++\gpu-sift\siftgpu\msvc\siftgpu\..\..\bin\siftgpu.dll
f:\projects\stitch\c++\gpu-sift\siftgpu\msvc\siftgpu\release_x64\siftgpu.tlog\cl.command.1.tlog
f:\projects\stitch\c++\gpu-sift\siftgpu\msvc\siftgpu\release_x64\siftgpu.tlog\cl.read.1.tlog
f:\projects\stitch\c++\gpu-sift\siftgpu\msvc\siftgpu\release_x64\siftgpu.tlog\cl.write.1.tlog
f:\projects\stitch\c++\gpu-sift\siftgpu\msvc\siftgpu\release_x64\siftgpu.tlog\link.command.1.tlog
f:\projects\stitch\c++\gpu-sift\siftgpu\msvc\siftgpu\release_x64\siftgpu.tlog\link.read.1.tlog
f:\projects\stitch\c++\gpu-sift\siftgpu\msvc\siftgpu\release_x64\siftgpu.tlog\link.write.1.tlog
f:\projects\stitch\c++\gpu-sift\siftgpu\msvc\siftgpu\release_x64\siftgpu.tlog\siftgpu.write.1u.tlog
